mode: set
vpnclient/internal/managers/connection.go:27.43,28.11 1 1
vpnclient/internal/managers/connection.go:29.20,30.24 1 1
vpnclient/internal/managers/connection.go:31.18,32.22 1 1
vpnclient/internal/managers/connection.go:33.17,34.21 1 1
vpnclient/internal/managers/connection.go:35.21,36.25 1 1
vpnclient/internal/managers/connection.go:37.13,38.17 1 1
vpnclient/internal/managers/connection.go:39.10,40.19 1 1
vpnclient/internal/managers/connection.go:55.48,59.2 1 1
vpnclient/internal/managers/connection.go:62.59,66.2 3 1
vpnclient/internal/managers/connection.go:69.55,71.16 2 1
vpnclient/internal/managers/connection.go:72.20,73.24 1 1
vpnclient/internal/managers/connection.go:74.18,75.22 1 0
vpnclient/internal/managers/connection.go:76.17,77.21 1 0
vpnclient/internal/managers/connection.go:78.21,79.25 1 0
vpnclient/internal/managers/connection.go:80.13,81.17 1 0
vpnclient/internal/managers/connection.go:82.10,83.19 1 0
vpnclient/internal/managers/connection.go:88.62,92.2 3 1
vpnclient/internal/managers/connection.go:95.60,100.28 3 1
vpnclient/internal/managers/connection.go:100.28,108.3 4 1
vpnclient/internal/managers/connection.go:110.2,110.37 1 0
vpnclient/internal/managers/connection.go:114.56,118.28 3 1
vpnclient/internal/managers/connection.go:118.28,120.3 1 1
vpnclient/internal/managers/connection.go:122.2,122.10 1 0
vpnclient/internal/managers/connection.go:126.65,130.28 3 1
vpnclient/internal/managers/connection.go:130.28,132.3 1 0
vpnclient/internal/managers/connection.go:134.2,141.53 6 1
vpnclient/internal/managers/connection.go:141.53,143.17 2 0
vpnclient/internal/managers/connection.go:143.17,146.4 2 0
vpnclient/internal/managers/connection.go:147.8,157.3 1 1
vpnclient/internal/managers/connection.go:159.2,161.12 2 1
vpnclient/internal/managers/connection.go:165.49,169.28 3 1
vpnclient/internal/managers/connection.go:169.28,171.3 1 0
vpnclient/internal/managers/connection.go:173.2,176.73 2 1
vpnclient/internal/managers/connection.go:176.73,178.17 2 0
vpnclient/internal/managers/connection.go:178.17,181.4 2 0
vpnclient/internal/managers/connection.go:182.8,191.3 1 1
vpnclient/internal/managers/connection.go:193.2,197.12 4 1
vpnclient/internal/managers/connection.go:201.74,204.2 1 0
vpnclient/internal/managers/connection.go:207.77,210.2 1 0
vpnclient/internal/managers/server_manager.go:20.60,25.2 1 0
vpnclient/internal/managers/server_manager.go:28.63,30.50 1 0
vpnclient/internal/managers/server_manager.go:30.50,32.3 1 0
vpnclient/internal/managers/server_manager.go:35.2,35.21 1 0
vpnclient/internal/managers/server_manager.go:35.21,37.3 1 0
vpnclient/internal/managers/server_manager.go:40.2,40.26 1 0
vpnclient/internal/managers/server_manager.go:40.26,42.3 1 0
vpnclient/internal/managers/server_manager.go:43.2,43.21 1 0
vpnclient/internal/managers/server_manager.go:43.21,45.3 1 0
vpnclient/internal/managers/server_manager.go:47.2,47.35 1 0
vpnclient/internal/managers/server_manager.go:51.69,52.14 1 0
vpnclient/internal/managers/server_manager.go:52.14,54.3 1 0
vpnclient/internal/managers/server_manager.go:55.2,55.31 1 0
vpnclient/internal/managers/server_manager.go:59.66,61.2 1 0
vpnclient/internal/managers/server_manager.go:64.70,66.2 1 0
vpnclient/internal/managers/server_manager.go:69.66,70.50 1 0
vpnclient/internal/managers/server_manager.go:70.50,72.3 1 0
vpnclient/internal/managers/server_manager.go:73.2,73.38 1 0
vpnclient/internal/managers/server_manager.go:77.56,78.14 1 0
vpnclient/internal/managers/server_manager.go:78.14,80.3 1 0
vpnclient/internal/managers/server_manager.go:81.2,81.34 1 0
vpnclient/internal/managers/server_manager.go:85.56,87.16 2 0
vpnclient/internal/managers/server_manager.go:87.16,89.3 1 0
vpnclient/internal/managers/server_manager.go:90.2,91.38 2 0
vpnclient/internal/managers/server_manager.go:95.57,97.16 2 0
vpnclient/internal/managers/server_manager.go:97.16,99.3 1 0
vpnclient/internal/managers/server_manager.go:100.2,101.38 2 0
vpnclient/internal/managers/server_manager.go:105.64,107.16 2 0
vpnclient/internal/managers/server_manager.go:107.16,109.3 1 0
vpnclient/internal/managers/server_manager.go:111.2,111.14 1 0
vpnclient/internal/managers/server_manager.go:111.14,113.3 1 0
vpnclient/internal/managers/server_manager.go:115.2,116.38 2 0
vpnclient/internal/managers/server_manager.go:120.65,122.16 2 0
vpnclient/internal/managers/server_manager.go:122.16,124.3 1 0
vpnclient/internal/managers/server_manager.go:126.2,127.16 2 0
vpnclient/internal/managers/server_manager.go:127.16,129.3 1 0
vpnclient/internal/managers/server_manager.go:132.2,133.16 2 0
vpnclient/internal/managers/server_manager.go:133.16,135.3 1 0
vpnclient/internal/managers/server_manager.go:137.2,137.18 1 0
vpnclient/internal/managers/server_manager.go:141.71,143.16 2 0
vpnclient/internal/managers/server_manager.go:143.16,145.3 1 0
vpnclient/internal/managers/server_manager.go:147.2,149.33 2 0
vpnclient/internal/managers/server_manager.go:149.33,151.17 2 0
vpnclient/internal/managers/server_manager.go:151.17,154.4 1 0
vpnclient/internal/managers/server_manager.go:156.3,160.17 3 0
vpnclient/internal/managers/server_manager.go:160.17,163.4 1 0
vpnclient/internal/managers/server_manager.go:166.2,166.21 1 0
vpnclient/internal/managers/server_manager.go:170.71,177.16 4 0
vpnclient/internal/managers/server_manager.go:177.16,179.3 1 0
vpnclient/internal/managers/server_manager.go:182.2,187.18 3 0
vpnclient/internal/managers/server_manager.go:191.67,193.16 2 0
vpnclient/internal/managers/server_manager.go:193.16,195.3 1 0
vpnclient/internal/managers/server_manager.go:197.2,197.23 1 0
vpnclient/internal/managers/server_manager.go:197.23,199.3 1 0
vpnclient/internal/managers/server_manager.go:202.2,203.37 2 0
vpnclient/internal/managers/server_manager.go:203.37,205.75 1 0
vpnclient/internal/managers/server_manager.go:205.75,207.4 1 0
vpnclient/internal/managers/server_manager.go:210.2,210.21 1 0
vpnclient/internal/managers/server_manager.go:214.64,217.16 2 0
vpnclient/internal/managers/server_manager.go:217.16,219.3 1 0
vpnclient/internal/managers/server_manager.go:222.2,223.16 2 0
vpnclient/internal/managers/server_manager.go:223.16,225.3 1 0
vpnclient/internal/managers/server_manager.go:227.2,227.26 1 0
vpnclient/internal/managers/server_manager.go:227.26,229.3 1 0
vpnclient/internal/managers/server_manager.go:232.2,235.36 3 0
vpnclient/internal/managers/server_manager.go:235.36,237.17 2 0
vpnclient/internal/managers/server_manager.go:237.17,240.12 2 0
vpnclient/internal/managers/server_manager.go:244.3,244.24 1 0
vpnclient/internal/managers/server_manager.go:244.24,247.4 2 0
vpnclient/internal/managers/server_manager.go:250.2,250.24 1 0
vpnclient/internal/managers/server_manager.go:254.77,256.16 2 0
vpnclient/internal/managers/server_manager.go:256.16,258.3 1 0
vpnclient/internal/managers/server_manager.go:261.2,261.38 1 0
vpnclient/internal/managers/server_manager.go:261.38,262.41 1 0
vpnclient/internal/managers/server_manager.go:262.41,265.91 1 0
vpnclient/internal/managers/server_manager.go:265.91,267.5 1 0
vpnclient/internal/managers/server_manager.go:272.2,272.22 1 0
vpnclient/internal/managers/server_manager.go:272.22,274.3 1 0
vpnclient/internal/managers/server_manager.go:276.2,276.25 1 0
vpnclient/internal/managers/server_manager.go:280.78,292.22 1 0
vpnclient/internal/managers/server_manager.go:292.22,294.3 1 0
vpnclient/internal/managers/server_manager.go:298.2,300.28 2 0
vpnclient/internal/managers/server_manager.go:304.72,306.19 1 0
vpnclient/internal/managers/server_manager.go:306.19,308.3 1 0
vpnclient/internal/managers/server_manager.go:310.2,310.20 1 0
vpnclient/internal/managers/server_manager.go:310.20,312.3 1 0
vpnclient/internal/managers/server_manager.go:315.2,315.18 1 0
vpnclient/internal/managers/server_manager.go:315.18,317.3 1 0
vpnclient/internal/managers/server_manager.go:320.2,321.28 2 0
vpnclient/internal/managers/server_manager.go:321.28,323.3 1 0
vpnclient/internal/managers/server_manager.go:324.2,326.41 2 0
vpnclient/internal/managers/server_manager.go:330.81,331.14 1 0
vpnclient/internal/managers/server_manager.go:331.14,333.3 1 0
vpnclient/internal/managers/server_manager.go:334.2,334.40 1 0
vpnclient/internal/managers/server_manager.go:338.78,340.2 1 0
vpnclient/internal/managers/server_manager.go:343.75,344.18 1 0
vpnclient/internal/managers/server_manager.go:344.18,346.3 1 0
vpnclient/internal/managers/server_manager.go:348.2,349.44 2 0
vpnclient/internal/managers/server_manager.go:353.62,354.14 1 0
vpnclient/internal/managers/server_manager.go:354.14,356.3 1 0
vpnclient/internal/managers/server_manager.go:357.2,357.43 1 0
vpnclient/internal/managers/server_manager.go:361.69,363.16 2 0
vpnclient/internal/managers/server_manager.go:363.16,365.3 1 0
vpnclient/internal/managers/server_manager.go:375.2,378.35 3 0
vpnclient/internal/managers/server_manager.go:382.68,383.23 1 0
vpnclient/internal/managers/server_manager.go:383.23,385.3 1 0
vpnclient/internal/managers/server_manager.go:387.2,387.23 1 0
vpnclient/internal/managers/server_manager.go:387.23,389.3 1 0
vpnclient/internal/managers/server_manager.go:391.2,391.45 1 0
vpnclient/internal/managers/server_manager.go:391.45,393.3 1 0
vpnclient/internal/managers/server_manager.go:395.2,395.27 1 0
vpnclient/internal/managers/server_manager.go:395.27,397.3 1 0
vpnclient/internal/managers/server_manager.go:399.2,399.12 1 0
vpnclient/internal/managers/server_manager.go:403.71,407.2 1 0
vpnclient/internal/managers/server_manager.go:410.80,414.20 2 0
vpnclient/internal/managers/server_manager.go:414.20,416.3 1 0
vpnclient/internal/managers/server_manager.go:417.2,417.62 1 0
vpnclient/internal/managers/subscription_parser.go:18.50,20.2 1 1
vpnclient/internal/managers/subscription_parser.go:23.77,27.41 2 1
vpnclient/internal/managers/subscription_parser.go:27.41,29.17 2 1
vpnclient/internal/managers/subscription_parser.go:29.17,31.4 1 0
vpnclient/internal/managers/subscription_parser.go:32.3,32.37 1 1
vpnclient/internal/managers/subscription_parser.go:33.8,33.45 1 1
vpnclient/internal/managers/subscription_parser.go:33.45,35.17 2 1
vpnclient/internal/managers/subscription_parser.go:35.17,37.4 1 0
vpnclient/internal/managers/subscription_parser.go:38.3,38.37 1 1
vpnclient/internal/managers/subscription_parser.go:39.8,39.49 1 1
vpnclient/internal/managers/subscription_parser.go:39.49,41.17 2 1
vpnclient/internal/managers/subscription_parser.go:41.17,43.4 1 0
vpnclient/internal/managers/subscription_parser.go:44.3,44.37 1 1
vpnclient/internal/managers/subscription_parser.go:45.8,48.3 1 1
vpnclient/internal/managers/subscription_parser.go:52.81,58.16 3 1
vpnclient/internal/managers/subscription_parser.go:58.16,60.3 1 0
vpnclient/internal/managers/subscription_parser.go:63.2,65.16 3 1
vpnclient/internal/managers/subscription_parser.go:65.16,67.3 1 0
vpnclient/internal/managers/subscription_parser.go:70.2,86.23 2 1
vpnclient/internal/managers/subscription_parser.go:86.23,88.3 1 0
vpnclient/internal/managers/subscription_parser.go:91.2,93.20 2 1
vpnclient/internal/managers/subscription_parser.go:97.87,102.39 2 1
vpnclient/internal/managers/subscription_parser.go:102.39,111.17 5 1
vpnclient/internal/managers/subscription_parser.go:111.17,115.21 2 1
vpnclient/internal/managers/subscription_parser.go:115.21,117.5 1 0
vpnclient/internal/managers/subscription_parser.go:119.4,124.18 4 1
vpnclient/internal/managers/subscription_parser.go:124.18,127.5 1 1
vpnclient/internal/managers/subscription_parser.go:130.4,131.24 2 1
vpnclient/internal/managers/subscription_parser.go:131.24,133.5 1 0
vpnclient/internal/managers/subscription_parser.go:135.4,140.24 4 1
vpnclient/internal/managers/subscription_parser.go:140.24,142.5 1 0
vpnclient/internal/managers/subscription_parser.go:144.4,162.25 5 1
vpnclient/internal/managers/subscription_parser.go:162.25,164.5 1 0
vpnclient/internal/managers/subscription_parser.go:166.4,166.22 1 1
vpnclient/internal/managers/subscription_parser.go:167.9,173.21 3 1
vpnclient/internal/managers/subscription_parser.go:173.21,175.5 1 0
vpnclient/internal/managers/subscription_parser.go:177.4,182.24 4 1
vpnclient/internal/managers/subscription_parser.go:182.24,184.5 1 0
vpnclient/internal/managers/subscription_parser.go:186.4,191.24 4 1
vpnclient/internal/managers/subscription_parser.go:191.24,193.5 1 0
vpnclient/internal/managers/subscription_parser.go:195.4,213.25 5 1
vpnclient/internal/managers/subscription_parser.go:213.25,215.5 1 0
vpnclient/internal/managers/subscription_parser.go:217.4,217.22 1 1
vpnclient/internal/managers/subscription_parser.go:219.8,222.17 2 1
vpnclient/internal/managers/subscription_parser.go:222.17,225.21 2 0
vpnclient/internal/managers/subscription_parser.go:225.21,227.5 1 0
vpnclient/internal/managers/subscription_parser.go:229.4,234.18 4 0
vpnclient/internal/managers/subscription_parser.go:234.18,237.5 1 0
vpnclient/internal/managers/subscription_parser.go:240.4,241.24 2 0
vpnclient/internal/managers/subscription_parser.go:241.24,243.5 1 0
vpnclient/internal/managers/subscription_parser.go:245.4,250.24 4 0
vpnclient/internal/managers/subscription_parser.go:250.24,252.5 1 0
vpnclient/internal/managers/subscription_parser.go:254.4,271.22 5 0
vpnclient/internal/managers/subscription_parser.go:274.3,278.20 3 1
vpnclient/internal/managers/subscription_parser.go:278.20,280.4 1 0
vpnclient/internal/managers/subscription_parser.go:282.3,287.23 4 1
vpnclient/internal/managers/subscription_parser.go:287.23,289.4 1 0
vpnclient/internal/managers/subscription_parser.go:291.3,296.23 4 1
vpnclient/internal/managers/subscription_parser.go:296.23,298.4 1 0
vpnclient/internal/managers/subscription_parser.go:300.3,317.21 5 1
vpnclient/internal/managers/subscription_parser.go:322.82,328.16 3 1
vpnclient/internal/managers/subscription_parser.go:328.16,330.3 1 0
vpnclient/internal/managers/subscription_parser.go:333.2,338.20 4 1
vpnclient/internal/managers/subscription_parser.go:338.20,340.3 1 1
vpnclient/internal/managers/subscription_parser.go:343.2,344.22 2 1
vpnclient/internal/managers/subscription_parser.go:344.22,346.24 2 1
vpnclient/internal/managers/subscription_parser.go:346.24,348.4 1 1
vpnclient/internal/managers/subscription_parser.go:351.2,363.20 2 1
vpnclient/internal/managers/subscription_parser.go:367.92,370.16 2 1
vpnclient/internal/managers/subscription_parser.go:370.16,372.3 1 1
vpnclient/internal/managers/subscription_parser.go:375.2,378.29 3 1
vpnclient/internal/managers/subscription_parser.go:378.29,380.17 2 1
vpnclient/internal/managers/subscription_parser.go:380.17,381.12 1 1
vpnclient/internal/managers/subscription_parser.go:385.3,385.42 1 1
vpnclient/internal/managers/subscription_parser.go:385.42,387.18 2 1
vpnclient/internal/managers/subscription_parser.go:387.18,389.13 1 0
vpnclient/internal/managers/subscription_parser.go:391.4,391.37 1 1
vpnclient/internal/managers/subscription_parser.go:392.9,392.46 1 1
vpnclient/internal/managers/subscription_parser.go:392.46,394.18 2 1
vpnclient/internal/managers/subscription_parser.go:394.18,396.13 1 0
vpnclient/internal/managers/subscription_parser.go:398.4,398.37 1 1
vpnclient/internal/managers/subscription_parser.go:399.9,399.50 1 1
vpnclient/internal/managers/subscription_parser.go:399.50,401.18 2 1
vpnclient/internal/managers/subscription_parser.go:401.18,403.13 1 0
vpnclient/internal/managers/subscription_parser.go:405.4,405.37 1 1
vpnclient/internal/managers/subscription_parser.go:410.2,410.21 1 1
vpnclient/internal/managers/subscription_parser.go:414.80,415.27 1 1
vpnclient/internal/managers/subscription_parser.go:415.27,416.34 1 1
vpnclient/internal/managers/subscription_parser.go:416.34,418.4 1 1
vpnclient/internal/managers/subscription_parser.go:420.2,420.21 1 1
vpnclient/internal/managers/subscription_parser.go:423.78,424.27 1 1
vpnclient/internal/managers/subscription_parser.go:424.27,425.26 1 1
vpnclient/internal/managers/subscription_parser.go:426.16,427.17 1 0
vpnclient/internal/managers/subscription_parser.go:428.12,429.12 1 0
vpnclient/internal/managers/subscription_parser.go:430.15,433.12 3 1
vpnclient/internal/managers/subscription_parser.go:436.2,436.21 1 0
vpnclient/internal/managers/subscription_parser.go:439.26,443.16 3 1
vpnclient/internal/managers/subscription_parser.go:443.16,446.3 1 0
vpnclient/internal/managers/subscription_parser.go:447.2,447.49 1 1
vpnclient/internal/managers/test_managers.go:7.40,9.15 2 0
vpnclient/internal/managers/test_managers.go:9.15,12.3 2 0
vpnclient/internal/managers/test_managers.go:14.2,15.52 2 0
vpnclient/internal/managers/test_simple.go:8.33,11.17 2 0
vpnclient/internal/managers/test_simple.go:11.17,13.3 1 0
